2018-01-17 01:14:49,631 [Worker-10] INFO  o.e.m.c.i.l.LifecycleMappingFactory - Using org.maven.ide.eclipse.wtp.WarLifecycleMapping lifecycle mapping for MavenProject: br.com.caelum:projeto-jpa-2:1.0-SNAPSHOT @ /home/raphael/java/projeto-jpa-2/projeto-jpa-2/pom.xml.
2018-01-17 01:14:52,175 [Worker-10] INFO  o.e.m.j.i.AbstractJavaProjectConfigurator - Adding source folder /projeto-jpa-2/src/main/java
2018-01-17 01:14:52,176 [Worker-10] INFO  o.e.m.j.i.AbstractJavaProjectConfigurator - Adding source folder /projeto-jpa-2/src/test/java
2018-01-17 01:14:53,874 [Worker-10] INFO  o.e.m.c.i.p.ProjectConfigurationManager - Imported and configured 1 project(s) in 6 sec
2018-01-17 01:14:56,191 [Worker-7] WARN  o.e.m.c.i.embedder.EclipseLogger - Using platform encoding (UTF-8 actually) to copy filtered resources, i.e. build is platform dependent!
2018-01-17 01:14:56,202 [Worker-7] INFO  o.e.m.c.i.embedder.EclipseLogger - skip non existing resourceDirectory /home/raphael/java/projeto-jpa-2/projeto-jpa-2/src/main/resources
2018-01-17 01:14:56,221 [Worker-7] WARN  o.e.m.c.i.embedder.EclipseLogger - Using platform encoding (UTF-8 actually) to copy filtered resources, i.e. build is platform dependent!
2018-01-17 01:14:56,222 [Worker-7] INFO  o.e.m.c.i.embedder.EclipseLogger - skip non existing resourceDirectory /home/raphael/java/projeto-jpa-2/projeto-jpa-2/src/test/resources
2018-01-17 01:18:06,648 [Worker-8] WARN  o.e.m.c.i.embedder.EclipseLogger - Using platform encoding (UTF-8 actually) to copy filtered resources, i.e. build is platform dependent!
2018-01-17 01:18:06,649 [Worker-8] INFO  o.e.m.c.i.embedder.EclipseLogger - skip non existing resourceDirectory /home/raphael/java/projeto-jpa-2/projeto-jpa-2/src/main/resources
2018-01-17 01:18:06,650 [Worker-8] WARN  o.e.m.c.i.embedder.EclipseLogger - Using platform encoding (UTF-8 actually) to copy filtered resources, i.e. build is platform dependent!
2018-01-17 01:18:06,651 [Worker-8] INFO  o.e.m.c.i.embedder.EclipseLogger - skip non existing resourceDirectory /home/raphael/java/projeto-jpa-2/projeto-jpa-2/src/test/resources
2018-01-20 00:02:42,347 [Worker-3] WARN  o.e.m.c.i.embedder.EclipseLogger - Using platform encoding (UTF-8 actually) to copy filtered resources, i.e. build is platform dependent!
2018-01-20 00:02:42,408 [Worker-3] INFO  o.e.m.c.i.embedder.EclipseLogger - skip non existing resourceDirectory /home/raphael/java/projeto-jpa-2/projeto-jpa-2/src/main/resources
2018-01-20 00:02:42,416 [Worker-3] WARN  o.e.m.c.i.embedder.EclipseLogger - Using platform encoding (UTF-8 actually) to copy filtered resources, i.e. build is platform dependent!
2018-01-20 00:02:42,449 [Worker-3] INFO  o.e.m.c.i.embedder.EclipseLogger - skip non existing resourceDirectory /home/raphael/java/projeto-jpa-2/projeto-jpa-2/src/test/resources
2018-01-20 00:03:01,320 [Worker-16] WARN  o.e.m.c.i.embedder.EclipseLogger - Using platform encoding (UTF-8 actually) to copy filtered resources, i.e. build is platform dependent!
2018-01-20 00:03:01,323 [Worker-16] INFO  o.e.m.c.i.embedder.EclipseLogger - skip non existing resourceDirectory /home/raphael/java/projeto-jpa-2/projeto-jpa-2/src/main/resources
2018-01-20 00:03:01,325 [Worker-16] WARN  o.e.m.c.i.embedder.EclipseLogger - Using platform encoding (UTF-8 actually) to copy filtered resources, i.e. build is platform dependent!
2018-01-20 00:03:01,326 [Worker-16] INFO  o.e.m.c.i.embedder.EclipseLogger - skip non existing resourceDirectory /home/raphael/java/projeto-jpa-2/projeto-jpa-2/src/test/resources
2018-01-20 00:08:17,602 [Worker-12] WARN  o.e.m.c.i.embedder.EclipseLogger - Using platform encoding (UTF-8 actually) to copy filtered resources, i.e. build is platform dependent!
2018-01-20 00:08:17,603 [Worker-12] INFO  o.e.m.c.i.embedder.EclipseLogger - skip non existing resourceDirectory /home/raphael/java/projeto-jpa-2/projeto-jpa-2/src/main/resources
2018-01-20 00:08:17,605 [Worker-12] WARN  o.e.m.c.i.embedder.EclipseLogger - Using platform encoding (UTF-8 actually) to copy filtered resources, i.e. build is platform dependent!
2018-01-20 00:08:17,606 [Worker-12] INFO  o.e.m.c.i.embedder.EclipseLogger - skip non existing resourceDirectory /home/raphael/java/projeto-jpa-2/projeto-jpa-2/src/test/resources
2018-01-20 00:11:00,027 [Worker-25] WARN  o.e.m.c.i.embedder.EclipseLogger - Using platform encoding (UTF-8 actually) to copy filtered resources, i.e. build is platform dependent!
2018-01-20 00:11:00,028 [Worker-25] INFO  o.e.m.c.i.embedder.EclipseLogger - skip non existing resourceDirectory /home/raphael/java/projeto-jpa-2/projeto-jpa-2/src/main/resources
2018-01-20 00:11:00,030 [Worker-25] WARN  o.e.m.c.i.embedder.EclipseLogger - Using platform encoding (UTF-8 actually) to copy filtered resources, i.e. build is platform dependent!
2018-01-20 00:11:00,031 [Worker-25] INFO  o.e.m.c.i.embedder.EclipseLogger - skip non existing resourceDirectory /home/raphael/java/projeto-jpa-2/projeto-jpa-2/src/test/resources
2018-01-20 00:11:48,358 [Worker-26] WARN  o.e.m.c.i.embedder.EclipseLogger - Using platform encoding (UTF-8 actually) to copy filtered resources, i.e. build is platform dependent!
2018-01-20 00:11:48,359 [Worker-26] INFO  o.e.m.c.i.embedder.EclipseLogger - skip non existing resourceDirectory /home/raphael/java/projeto-jpa-2/projeto-jpa-2/src/main/resources
2018-01-20 00:11:48,361 [Worker-26] WARN  o.e.m.c.i.embedder.EclipseLogger - Using platform encoding (UTF-8 actually) to copy filtered resources, i.e. build is platform dependent!
2018-01-20 00:11:48,361 [Worker-26] INFO  o.e.m.c.i.embedder.EclipseLogger - skip non existing resourceDirectory /home/raphael/java/projeto-jpa-2/projeto-jpa-2/src/test/resources
2018-01-20 00:12:10,539 [Worker-24] WARN  o.e.m.c.i.embedder.EclipseLogger - Using platform encoding (UTF-8 actually) to copy filtered resources, i.e. build is platform dependent!
2018-01-20 00:12:10,539 [Worker-24] INFO  o.e.m.c.i.embedder.EclipseLogger - skip non existing resourceDirectory /home/raphael/java/projeto-jpa-2/projeto-jpa-2/src/main/resources
2018-01-20 00:12:10,541 [Worker-24] WARN  o.e.m.c.i.embedder.EclipseLogger - Using platform encoding (UTF-8 actually) to copy filtered resources, i.e. build is platform dependent!
2018-01-20 00:12:10,541 [Worker-24] INFO  o.e.m.c.i.embedder.EclipseLogger - skip non existing resourceDirectory /home/raphael/java/projeto-jpa-2/projeto-jpa-2/src/test/resources
2018-01-20 00:14:28,082 [Worker-23] WARN  o.e.m.c.i.embedder.EclipseLogger - Using platform encoding (UTF-8 actually) to copy filtered resources, i.e. build is platform dependent!
2018-01-20 00:14:28,083 [Worker-23] INFO  o.e.m.c.i.embedder.EclipseLogger - skip non existing resourceDirectory /home/raphael/java/projeto-jpa-2/projeto-jpa-2/src/main/resources
2018-01-20 00:14:28,084 [Worker-23] WARN  o.e.m.c.i.embedder.EclipseLogger - Using platform encoding (UTF-8 actually) to copy filtered resources, i.e. build is platform dependent!
2018-01-20 00:14:28,085 [Worker-23] INFO  o.e.m.c.i.embedder.EclipseLogger - skip non existing resourceDirectory /home/raphael/java/projeto-jpa-2/projeto-jpa-2/src/test/resources
2018-01-20 00:17:18,018 [Worker-3] WARN  o.e.m.c.i.embedder.EclipseLogger - Using platform encoding (UTF-8 actually) to copy filtered resources, i.e. build is platform dependent!
2018-01-20 00:17:18,019 [Worker-3] INFO  o.e.m.c.i.embedder.EclipseLogger - skip non existing resourceDirectory /home/raphael/java/projeto-jpa-2/projeto-jpa-2/src/main/resources
2018-01-20 00:17:18,025 [Worker-3] WARN  o.e.m.c.i.embedder.EclipseLogger - Using platform encoding (UTF-8 actually) to copy filtered resources, i.e. build is platform dependent!
2018-01-20 00:17:18,026 [Worker-3] INFO  o.e.m.c.i.embedder.EclipseLogger - skip non existing resourceDirectory /home/raphael/java/projeto-jpa-2/projeto-jpa-2/src/test/resources
2018-01-20 00:18:24,776 [Worker-26] WARN  o.e.m.c.i.embedder.EclipseLogger - Using platform encoding (UTF-8 actually) to copy filtered resources, i.e. build is platform dependent!
2018-01-20 00:18:24,776 [Worker-26] INFO  o.e.m.c.i.embedder.EclipseLogger - skip non existing resourceDirectory /home/raphael/java/projeto-jpa-2/projeto-jpa-2/src/main/resources
2018-01-20 00:18:24,785 [Worker-26] WARN  o.e.m.c.i.embedder.EclipseLogger - Using platform encoding (UTF-8 actually) to copy filtered resources, i.e. build is platform dependent!
2018-01-20 00:18:24,785 [Worker-26] INFO  o.e.m.c.i.embedder.EclipseLogger - skip non existing resourceDirectory /home/raphael/java/projeto-jpa-2/projeto-jpa-2/src/test/resources
2018-01-20 00:18:54,917 [Worker-25] WARN  o.e.m.c.i.embedder.EclipseLogger - Using platform encoding (UTF-8 actually) to copy filtered resources, i.e. build is platform dependent!
2018-01-20 00:18:54,918 [Worker-25] INFO  o.e.m.c.i.embedder.EclipseLogger - skip non existing resourceDirectory /home/raphael/java/projeto-jpa-2/projeto-jpa-2/src/main/resources
2018-01-20 00:18:54,919 [Worker-25] WARN  o.e.m.c.i.embedder.EclipseLogger - Using platform encoding (UTF-8 actually) to copy filtered resources, i.e. build is platform dependent!
2018-01-20 00:18:54,920 [Worker-25] INFO  o.e.m.c.i.embedder.EclipseLogger - skip non existing resourceDirectory /home/raphael/java/projeto-jpa-2/projeto-jpa-2/src/test/resources
2018-01-20 00:21:11,913 [Worker-3] WARN  o.e.m.c.i.embedder.EclipseLogger - Using platform encoding (UTF-8 actually) to copy filtered resources, i.e. build is platform dependent!
2018-01-20 00:21:11,914 [Worker-3] INFO  o.e.m.c.i.embedder.EclipseLogger - skip non existing resourceDirectory /home/raphael/java/projeto-jpa-2/projeto-jpa-2/src/main/resources
2018-01-20 00:21:11,916 [Worker-3] WARN  o.e.m.c.i.embedder.EclipseLogger - Using platform encoding (UTF-8 actually) to copy filtered resources, i.e. build is platform dependent!
2018-01-20 00:21:11,916 [Worker-3] INFO  o.e.m.c.i.embedder.EclipseLogger - skip non existing resourceDirectory /home/raphael/java/projeto-jpa-2/projeto-jpa-2/src/test/resources
2018-01-20 00:21:27,507 [Worker-3] WARN  o.e.m.c.i.embedder.EclipseLogger - Using platform encoding (UTF-8 actually) to copy filtered resources, i.e. build is platform dependent!
2018-01-20 00:21:27,508 [Worker-3] INFO  o.e.m.c.i.embedder.EclipseLogger - skip non existing resourceDirectory /home/raphael/java/projeto-jpa-2/projeto-jpa-2/src/main/resources
2018-01-20 00:21:27,509 [Worker-3] WARN  o.e.m.c.i.embedder.EclipseLogger - Using platform encoding (UTF-8 actually) to copy filtered resources, i.e. build is platform dependent!
2018-01-20 00:21:27,510 [Worker-3] INFO  o.e.m.c.i.embedder.EclipseLogger - skip non existing resourceDirectory /home/raphael/java/projeto-jpa-2/projeto-jpa-2/src/test/resources
2018-01-20 00:21:50,806 [Worker-23] WARN  o.e.m.c.i.embedder.EclipseLogger - Using platform encoding (UTF-8 actually) to copy filtered resources, i.e. build is platform dependent!
2018-01-20 00:21:50,807 [Worker-23] INFO  o.e.m.c.i.embedder.EclipseLogger - skip non existing resourceDirectory /home/raphael/java/projeto-jpa-2/projeto-jpa-2/src/main/resources
2018-01-20 00:21:50,809 [Worker-23] WARN  o.e.m.c.i.embedder.EclipseLogger - Using platform encoding (UTF-8 actually) to copy filtered resources, i.e. build is platform dependent!
2018-01-20 00:21:50,809 [Worker-23] INFO  o.e.m.c.i.embedder.EclipseLogger - skip non existing resourceDirectory /home/raphael/java/projeto-jpa-2/projeto-jpa-2/src/test/resources
2018-01-20 00:27:34,333 [Worker-27] WARN  o.e.m.c.i.embedder.EclipseLogger - Using platform encoding (UTF-8 actually) to copy filtered resources, i.e. build is platform dependent!
2018-01-20 00:27:34,334 [Worker-27] INFO  o.e.m.c.i.embedder.EclipseLogger - skip non existing resourceDirectory /home/raphael/java/projeto-jpa-2/projeto-jpa-2/src/main/resources
2018-01-20 00:27:34,336 [Worker-27] WARN  o.e.m.c.i.embedder.EclipseLogger - Using platform encoding (UTF-8 actually) to copy filtered resources, i.e. build is platform dependent!
2018-01-20 00:27:34,336 [Worker-27] INFO  o.e.m.c.i.embedder.EclipseLogger - skip non existing resourceDirectory /home/raphael/java/projeto-jpa-2/projeto-jpa-2/src/test/resources
2018-01-20 00:32:19,627 [Worker-29] WARN  o.e.m.c.i.embedder.EclipseLogger - Using platform encoding (UTF-8 actually) to copy filtered resources, i.e. build is platform dependent!
2018-01-20 00:32:19,627 [Worker-29] INFO  o.e.m.c.i.embedder.EclipseLogger - skip non existing resourceDirectory /home/raphael/java/projeto-jpa-2/projeto-jpa-2/src/main/resources
2018-01-20 00:32:19,629 [Worker-29] WARN  o.e.m.c.i.embedder.EclipseLogger - Using platform encoding (UTF-8 actually) to copy filtered resources, i.e. build is platform dependent!
2018-01-20 00:32:19,629 [Worker-29] INFO  o.e.m.c.i.embedder.EclipseLogger - skip non existing resourceDirectory /home/raphael/java/projeto-jpa-2/projeto-jpa-2/src/test/resources
2018-01-20 00:33:25,407 [Worker-27] WARN  o.e.m.c.i.embedder.EclipseLogger - Using platform encoding (UTF-8 actually) to copy filtered resources, i.e. build is platform dependent!
2018-01-20 00:33:25,408 [Worker-27] INFO  o.e.m.c.i.embedder.EclipseLogger - skip non existing resourceDirectory /home/raphael/java/projeto-jpa-2/projeto-jpa-2/src/main/resources
2018-01-20 00:33:25,411 [Worker-27] WARN  o.e.m.c.i.embedder.EclipseLogger - Using platform encoding (UTF-8 actually) to copy filtered resources, i.e. build is platform dependent!
2018-01-20 00:33:25,412 [Worker-27] INFO  o.e.m.c.i.embedder.EclipseLogger - skip non existing resourceDirectory /home/raphael/java/projeto-jpa-2/projeto-jpa-2/src/test/resources
2018-01-20 00:35:32,275 [Worker-27] WARN  o.e.m.c.i.embedder.EclipseLogger - Using platform encoding (UTF-8 actually) to copy filtered resources, i.e. build is platform dependent!
2018-01-20 00:35:32,276 [Worker-27] INFO  o.e.m.c.i.embedder.EclipseLogger - skip non existing resourceDirectory /home/raphael/java/projeto-jpa-2/projeto-jpa-2/src/main/resources
2018-01-20 00:35:32,277 [Worker-27] WARN  o.e.m.c.i.embedder.EclipseLogger - Using platform encoding (UTF-8 actually) to copy filtered resources, i.e. build is platform dependent!
2018-01-20 00:35:32,278 [Worker-27] INFO  o.e.m.c.i.embedder.EclipseLogger - skip non existing resourceDirectory /home/raphael/java/projeto-jpa-2/projeto-jpa-2/src/test/resources
2018-01-20 00:35:44,164 [Worker-26] WARN  o.e.m.c.i.embedder.EclipseLogger - Using platform encoding (UTF-8 actually) to copy filtered resources, i.e. build is platform dependent!
2018-01-20 00:35:44,164 [Worker-26] INFO  o.e.m.c.i.embedder.EclipseLogger - skip non existing resourceDirectory /home/raphael/java/projeto-jpa-2/projeto-jpa-2/src/main/resources
2018-01-20 00:35:44,171 [Worker-26] WARN  o.e.m.c.i.embedder.EclipseLogger - Using platform encoding (UTF-8 actually) to copy filtered resources, i.e. build is platform dependent!
2018-01-20 00:35:44,171 [Worker-26] INFO  o.e.m.c.i.embedder.EclipseLogger - skip non existing resourceDirectory /home/raphael/java/projeto-jpa-2/projeto-jpa-2/src/test/resources
2018-01-20 00:38:19,573 [Worker-28] WARN  o.e.m.c.i.embedder.EclipseLogger - Using platform encoding (UTF-8 actually) to copy filtered resources, i.e. build is platform dependent!
2018-01-20 00:38:19,573 [Worker-28] INFO  o.e.m.c.i.embedder.EclipseLogger - skip non existing resourceDirectory /home/raphael/java/projeto-jpa-2/projeto-jpa-2/src/main/resources
2018-01-20 00:38:19,576 [Worker-28] WARN  o.e.m.c.i.embedder.EclipseLogger - Using platform encoding (UTF-8 actually) to copy filtered resources, i.e. build is platform dependent!
2018-01-20 00:38:19,576 [Worker-28] INFO  o.e.m.c.i.embedder.EclipseLogger - skip non existing resourceDirectory /home/raphael/java/projeto-jpa-2/projeto-jpa-2/src/test/resources
2018-01-20 00:39:53,424 [Worker-26] WARN  o.e.m.c.i.embedder.EclipseLogger - Using platform encoding (UTF-8 actually) to copy filtered resources, i.e. build is platform dependent!
2018-01-20 00:39:53,424 [Worker-26] INFO  o.e.m.c.i.embedder.EclipseLogger - skip non existing resourceDirectory /home/raphael/java/projeto-jpa-2/projeto-jpa-2/src/main/resources
2018-01-20 00:39:53,426 [Worker-26] WARN  o.e.m.c.i.embedder.EclipseLogger - Using platform encoding (UTF-8 actually) to copy filtered resources, i.e. build is platform dependent!
2018-01-20 00:39:53,426 [Worker-26] INFO  o.e.m.c.i.embedder.EclipseLogger - skip non existing resourceDirectory /home/raphael/java/projeto-jpa-2/projeto-jpa-2/src/test/resources
2018-01-20 00:45:47,197 [Worker-28] WARN  o.e.m.c.i.embedder.EclipseLogger - Using platform encoding (UTF-8 actually) to copy filtered resources, i.e. build is platform dependent!
2018-01-20 00:45:47,198 [Worker-28] INFO  o.e.m.c.i.embedder.EclipseLogger - skip non existing resourceDirectory /home/raphael/java/projeto-jpa-2/projeto-jpa-2/src/main/resources
2018-01-20 00:45:47,199 [Worker-28] WARN  o.e.m.c.i.embedder.EclipseLogger - Using platform encoding (UTF-8 actually) to copy filtered resources, i.e. build is platform dependent!
2018-01-20 00:45:47,200 [Worker-28] INFO  o.e.m.c.i.embedder.EclipseLogger - skip non existing resourceDirectory /home/raphael/java/projeto-jpa-2/projeto-jpa-2/src/test/resources
2018-01-20 00:46:06,001 [Worker-27] WARN  o.e.m.c.i.embedder.EclipseLogger - Using platform encoding (UTF-8 actually) to copy filtered resources, i.e. build is platform dependent!
2018-01-20 00:46:06,001 [Worker-27] INFO  o.e.m.c.i.embedder.EclipseLogger - skip non existing resourceDirectory /home/raphael/java/projeto-jpa-2/projeto-jpa-2/src/main/resources
2018-01-20 00:46:06,002 [Worker-27] WARN  o.e.m.c.i.embedder.EclipseLogger - Using platform encoding (UTF-8 actually) to copy filtered resources, i.e. build is platform dependent!
2018-01-20 00:46:06,003 [Worker-27] INFO  o.e.m.c.i.embedder.EclipseLogger - skip non existing resourceDirectory /home/raphael/java/projeto-jpa-2/projeto-jpa-2/src/test/resources
2018-01-20 00:47:01,912 [Worker-27] WARN  o.e.m.c.i.embedder.EclipseLogger - Using platform encoding (UTF-8 actually) to copy filtered resources, i.e. build is platform dependent!
2018-01-20 00:47:01,913 [Worker-27] INFO  o.e.m.c.i.embedder.EclipseLogger - skip non existing resourceDirectory /home/raphael/java/projeto-jpa-2/projeto-jpa-2/src/main/resources
2018-01-20 00:47:01,914 [Worker-27] WARN  o.e.m.c.i.embedder.EclipseLogger - Using platform encoding (UTF-8 actually) to copy filtered resources, i.e. build is platform dependent!
2018-01-20 00:47:01,915 [Worker-27] INFO  o.e.m.c.i.embedder.EclipseLogger - skip non existing resourceDirectory /home/raphael/java/projeto-jpa-2/projeto-jpa-2/src/test/resources
2018-01-20 00:48:07,665 [Worker-25] WARN  o.e.m.c.i.embedder.EclipseLogger - Using platform encoding (UTF-8 actually) to copy filtered resources, i.e. build is platform dependent!
2018-01-20 00:48:07,666 [Worker-25] INFO  o.e.m.c.i.embedder.EclipseLogger - skip non existing resourceDirectory /home/raphael/java/projeto-jpa-2/projeto-jpa-2/src/main/resources
2018-01-20 00:48:07,667 [Worker-25] WARN  o.e.m.c.i.embedder.EclipseLogger - Using platform encoding (UTF-8 actually) to copy filtered resources, i.e. build is platform dependent!
2018-01-20 00:48:07,668 [Worker-25] INFO  o.e.m.c.i.embedder.EclipseLogger - skip non existing resourceDirectory /home/raphael/java/projeto-jpa-2/projeto-jpa-2/src/test/resources
2018-01-20 00:52:29,310 [Worker-30] WARN  o.e.m.c.i.embedder.EclipseLogger - Using platform encoding (UTF-8 actually) to copy filtered resources, i.e. build is platform dependent!
2018-01-20 00:52:29,311 [Worker-30] INFO  o.e.m.c.i.embedder.EclipseLogger - skip non existing resourceDirectory /home/raphael/java/projeto-jpa-2/projeto-jpa-2/src/main/resources
2018-01-20 00:52:29,312 [Worker-30] WARN  o.e.m.c.i.embedder.EclipseLogger - Using platform encoding (UTF-8 actually) to copy filtered resources, i.e. build is platform dependent!
2018-01-20 00:52:29,312 [Worker-30] INFO  o.e.m.c.i.embedder.EclipseLogger - skip non existing resourceDirectory /home/raphael/java/projeto-jpa-2/projeto-jpa-2/src/test/resources
2018-01-22 00:24:15,844 [Worker-2] WARN  o.e.m.c.i.embedder.EclipseLogger - Using platform encoding (UTF-8 actually) to copy filtered resources, i.e. build is platform dependent!
2018-01-22 00:24:15,879 [Worker-2] INFO  o.e.m.c.i.embedder.EclipseLogger - skip non existing resourceDirectory /home/raphael/java/projeto-jpa-2/projeto-jpa-2/src/main/resources
2018-01-22 00:24:15,882 [Worker-2] WARN  o.e.m.c.i.embedder.EclipseLogger - Using platform encoding (UTF-8 actually) to copy filtered resources, i.e. build is platform dependent!
2018-01-22 00:24:15,897 [Worker-2] INFO  o.e.m.c.i.embedder.EclipseLogger - skip non existing resourceDirectory /home/raphael/java/projeto-jpa-2/projeto-jpa-2/src/test/resources
2018-01-22 00:26:07,892 [Worker-23] WARN  o.e.m.c.i.embedder.EclipseLogger - Using platform encoding (UTF-8 actually) to copy filtered resources, i.e. build is platform dependent!
2018-01-22 00:26:07,904 [Worker-23] INFO  o.e.m.c.i.embedder.EclipseLogger - skip non existing resourceDirectory /home/raphael/java/projeto-jpa-2/projeto-jpa-2/src/main/resources
2018-01-22 00:26:07,906 [Worker-23] WARN  o.e.m.c.i.embedder.EclipseLogger - Using platform encoding (UTF-8 actually) to copy filtered resources, i.e. build is platform dependent!
2018-01-22 00:26:07,907 [Worker-23] INFO  o.e.m.c.i.embedder.EclipseLogger - skip non existing resourceDirectory /home/raphael/java/projeto-jpa-2/projeto-jpa-2/src/test/resources
2018-01-22 00:27:51,851 [Worker-26] WARN  o.e.m.c.i.embedder.EclipseLogger - Using platform encoding (UTF-8 actually) to copy filtered resources, i.e. build is platform dependent!
2018-01-22 00:27:51,852 [Worker-26] INFO  o.e.m.c.i.embedder.EclipseLogger - skip non existing resourceDirectory /home/raphael/java/projeto-jpa-2/projeto-jpa-2/src/main/resources
2018-01-22 00:27:51,854 [Worker-26] WARN  o.e.m.c.i.embedder.EclipseLogger - Using platform encoding (UTF-8 actually) to copy filtered resources, i.e. build is platform dependent!
2018-01-22 00:27:51,855 [Worker-26] INFO  o.e.m.c.i.embedder.EclipseLogger - skip non existing resourceDirectory /home/raphael/java/projeto-jpa-2/projeto-jpa-2/src/test/resources
2018-01-22 00:30:30,839 [Worker-28] WARN  o.e.m.c.i.embedder.EclipseLogger - Using platform encoding (UTF-8 actually) to copy filtered resources, i.e. build is platform dependent!
2018-01-22 00:30:30,840 [Worker-28] INFO  o.e.m.c.i.embedder.EclipseLogger - skip non existing resourceDirectory /home/raphael/java/projeto-jpa-2/projeto-jpa-2/src/main/resources
2018-01-22 00:30:30,841 [Worker-28] WARN  o.e.m.c.i.embedder.EclipseLogger - Using platform encoding (UTF-8 actually) to copy filtered resources, i.e. build is platform dependent!
2018-01-22 00:30:30,841 [Worker-28] INFO  o.e.m.c.i.embedder.EclipseLogger - skip non existing resourceDirectory /home/raphael/java/projeto-jpa-2/projeto-jpa-2/src/test/resources
2018-01-22 00:31:22,040 [Worker-31] WARN  o.e.m.c.i.embedder.EclipseLogger - Using platform encoding (UTF-8 actually) to copy filtered resources, i.e. build is platform dependent!
2018-01-22 00:31:22,040 [Worker-31] INFO  o.e.m.c.i.embedder.EclipseLogger - skip non existing resourceDirectory /home/raphael/java/projeto-jpa-2/projeto-jpa-2/src/main/resources
2018-01-22 00:31:22,046 [Worker-31] WARN  o.e.m.c.i.embedder.EclipseLogger - Using platform encoding (UTF-8 actually) to copy filtered resources, i.e. build is platform dependent!
2018-01-22 00:31:22,046 [Worker-31] INFO  o.e.m.c.i.embedder.EclipseLogger - skip non existing resourceDirectory /home/raphael/java/projeto-jpa-2/projeto-jpa-2/src/test/resources
2018-01-22 00:34:41,351 [Worker-29] WARN  o.e.m.c.i.embedder.EclipseLogger - Using platform encoding (UTF-8 actually) to copy filtered resources, i.e. build is platform dependent!
2018-01-22 00:34:41,352 [Worker-29] INFO  o.e.m.c.i.embedder.EclipseLogger - skip non existing resourceDirectory /home/raphael/java/projeto-jpa-2/projeto-jpa-2/src/main/resources
2018-01-22 00:34:41,353 [Worker-29] WARN  o.e.m.c.i.embedder.EclipseLogger - Using platform encoding (UTF-8 actually) to copy filtered resources, i.e. build is platform dependent!
2018-01-22 00:34:41,354 [Worker-29] INFO  o.e.m.c.i.embedder.EclipseLogger - skip non existing resourceDirectory /home/raphael/java/projeto-jpa-2/projeto-jpa-2/src/test/resources
2018-01-22 00:34:48,100 [Worker-26] WARN  o.e.m.c.i.embedder.EclipseLogger - Using platform encoding (UTF-8 actually) to copy filtered resources, i.e. build is platform dependent!
2018-01-22 00:34:48,101 [Worker-26] INFO  o.e.m.c.i.embedder.EclipseLogger - skip non existing resourceDirectory /home/raphael/java/projeto-jpa-2/projeto-jpa-2/src/main/resources
2018-01-22 00:34:48,103 [Worker-26] WARN  o.e.m.c.i.embedder.EclipseLogger - Using platform encoding (UTF-8 actually) to copy filtered resources, i.e. build is platform dependent!
2018-01-22 00:34:48,108 [Worker-26] INFO  o.e.m.c.i.embedder.EclipseLogger - skip non existing resourceDirectory /home/raphael/java/projeto-jpa-2/projeto-jpa-2/src/test/resources
2018-01-22 00:42:13,764 [Worker-34] WARN  o.e.m.c.i.embedder.EclipseLogger - Using platform encoding (UTF-8 actually) to copy filtered resources, i.e. build is platform dependent!
2018-01-22 00:42:13,765 [Worker-34] INFO  o.e.m.c.i.embedder.EclipseLogger - skip non existing resourceDirectory /home/raphael/java/projeto-jpa-2/projeto-jpa-2/src/main/resources
2018-01-22 00:42:13,771 [Worker-34] WARN  o.e.m.c.i.embedder.EclipseLogger - Using platform encoding (UTF-8 actually) to copy filtered resources, i.e. build is platform dependent!
2018-01-22 00:42:13,772 [Worker-34] INFO  o.e.m.c.i.embedder.EclipseLogger - skip non existing resourceDirectory /home/raphael/java/projeto-jpa-2/projeto-jpa-2/src/test/resources
2018-01-22 00:56:05,182 [Worker-39] WARN  o.e.m.c.i.embedder.EclipseLogger - Using platform encoding (UTF-8 actually) to copy filtered resources, i.e. build is platform dependent!
2018-01-22 00:56:05,183 [Worker-39] INFO  o.e.m.c.i.embedder.EclipseLogger - skip non existing resourceDirectory /home/raphael/java/projeto-jpa-2/projeto-jpa-2/src/main/resources
2018-01-22 00:56:05,184 [Worker-39] WARN  o.e.m.c.i.embedder.EclipseLogger - Using platform encoding (UTF-8 actually) to copy filtered resources, i.e. build is platform dependent!
2018-01-22 00:56:05,185 [Worker-39] INFO  o.e.m.c.i.embedder.EclipseLogger - skip non existing resourceDirectory /home/raphael/java/projeto-jpa-2/projeto-jpa-2/src/test/resources
2018-01-22 00:56:33,488 [Worker-38] WARN  o.e.m.c.i.embedder.EclipseLogger - Using platform encoding (UTF-8 actually) to copy filtered resources, i.e. build is platform dependent!
2018-01-22 00:56:33,496 [Worker-38] INFO  o.e.m.c.i.embedder.EclipseLogger - skip non existing resourceDirectory /home/raphael/java/projeto-jpa-2/projeto-jpa-2/src/main/resources
2018-01-22 00:56:33,498 [Worker-38] WARN  o.e.m.c.i.embedder.EclipseLogger - Using platform encoding (UTF-8 actually) to copy filtered resources, i.e. build is platform dependent!
2018-01-22 00:56:33,498 [Worker-38] INFO  o.e.m.c.i.embedder.EclipseLogger - skip non existing resourceDirectory /home/raphael/java/projeto-jpa-2/projeto-jpa-2/src/test/resources
2018-01-22 00:56:43,579 [Worker-41] WARN  o.e.m.c.i.embedder.EclipseLogger - Using platform encoding (UTF-8 actually) to copy filtered resources, i.e. build is platform dependent!
2018-01-22 00:56:43,580 [Worker-41] INFO  o.e.m.c.i.embedder.EclipseLogger - skip non existing resourceDirectory /home/raphael/java/projeto-jpa-2/projeto-jpa-2/src/main/resources
2018-01-22 00:56:43,581 [Worker-41] WARN  o.e.m.c.i.embedder.EclipseLogger - Using platform encoding (UTF-8 actually) to copy filtered resources, i.e. build is platform dependent!
2018-01-22 00:56:43,582 [Worker-41] INFO  o.e.m.c.i.embedder.EclipseLogger - skip non existing resourceDirectory /home/raphael/java/projeto-jpa-2/projeto-jpa-2/src/test/resources
2018-01-22 01:02:43,606 [Worker-41] WARN  o.e.m.c.i.embedder.EclipseLogger - Using platform encoding (UTF-8 actually) to copy filtered resources, i.e. build is platform dependent!
2018-01-22 01:02:43,607 [Worker-41] INFO  o.e.m.c.i.embedder.EclipseLogger - skip non existing resourceDirectory /home/raphael/java/projeto-jpa-2/projeto-jpa-2/src/main/resources
2018-01-22 01:02:43,608 [Worker-41] WARN  o.e.m.c.i.embedder.EclipseLogger - Using platform encoding (UTF-8 actually) to copy filtered resources, i.e. build is platform dependent!
2018-01-22 01:02:43,609 [Worker-41] INFO  o.e.m.c.i.embedder.EclipseLogger - skip non existing resourceDirectory /home/raphael/java/projeto-jpa-2/projeto-jpa-2/src/test/resources
2018-01-22 01:03:26,274 [Worker-44] WARN  o.e.m.c.i.embedder.EclipseLogger - Using platform encoding (UTF-8 actually) to copy filtered resources, i.e. build is platform dependent!
2018-01-22 01:03:26,275 [Worker-44] INFO  o.e.m.c.i.embedder.EclipseLogger - skip non existing resourceDirectory /home/raphael/java/projeto-jpa-2/projeto-jpa-2/src/main/resources
2018-01-22 01:03:26,276 [Worker-44] WARN  o.e.m.c.i.embedder.EclipseLogger - Using platform encoding (UTF-8 actually) to copy filtered resources, i.e. build is platform dependent!
2018-01-22 01:03:26,276 [Worker-44] INFO  o.e.m.c.i.embedder.EclipseLogger - skip non existing resourceDirectory /home/raphael/java/projeto-jpa-2/projeto-jpa-2/src/test/resources
2018-01-22 01:03:55,004 [Worker-45] WARN  o.e.m.c.i.embedder.EclipseLogger - Using platform encoding (UTF-8 actually) to copy filtered resources, i.e. build is platform dependent!
2018-01-22 01:03:55,004 [Worker-45] INFO  o.e.m.c.i.embedder.EclipseLogger - skip non existing resourceDirectory /home/raphael/java/projeto-jpa-2/projeto-jpa-2/src/main/resources
2018-01-22 01:03:55,005 [Worker-45] WARN  o.e.m.c.i.embedder.EclipseLogger - Using platform encoding (UTF-8 actually) to copy filtered resources, i.e. build is platform dependent!
2018-01-22 01:03:55,006 [Worker-45] INFO  o.e.m.c.i.embedder.EclipseLogger - skip non existing resourceDirectory /home/raphael/java/projeto-jpa-2/projeto-jpa-2/src/test/resources
2018-01-22 01:04:18,299 [Worker-42] WARN  o.e.m.c.i.embedder.EclipseLogger - Using platform encoding (UTF-8 actually) to copy filtered resources, i.e. build is platform dependent!
2018-01-22 01:04:18,300 [Worker-42] INFO  o.e.m.c.i.embedder.EclipseLogger - skip non existing resourceDirectory /home/raphael/java/projeto-jpa-2/projeto-jpa-2/src/main/resources
2018-01-22 01:04:18,302 [Worker-42] WARN  o.e.m.c.i.embedder.EclipseLogger - Using platform encoding (UTF-8 actually) to copy filtered resources, i.e. build is platform dependent!
2018-01-22 01:04:18,302 [Worker-42] INFO  o.e.m.c.i.embedder.EclipseLogger - skip non existing resourceDirectory /home/raphael/java/projeto-jpa-2/projeto-jpa-2/src/test/resources
